<?xml version="1.0" encoding="UTF-8"?>
<!-- Generated by org.testng.reporters.JUnitReportReporter -->
<testsuite hostname="DESKTOP-G2BE6GC" name="Testscripts3.multipleactions" tests="1" failures="0" timestamp="24 Jul 2020 18:28:39 GMT" time="6.159" errors="0">
  <testcase name="test" time="6.159" classname="Testscripts3.multipleactions"/>
</testsuite> <!-- Testscripts3.multipleactions -->
