<?xml version="1.0" encoding="UTF-8"?>
<!-- Generated by org.testng.reporters.JUnitReportReporter -->
<testsuite hostname="DESKTOP-G2BE6GC" name="Testscripts.Getalllinks" tests="1" failures="0" timestamp="23 Jul 2020 05:33:26 GMT" time="1.424" errors="0">
  <testcase name="getlinks" time="1.424" classname="Testscripts.Getalllinks"/>
</testsuite> <!-- Testscripts.Getalllinks -->
