<?xml version="1.0" encoding="UTF-8"?>
<!-- Generated by org.testng.reporters.JUnitReportReporter -->
<testsuite hostname="DESKTOP-G2BE6GC" name="Testscripts3.Getalllinks" tests="1" failures="0" timestamp="23 Jul 2020 07:00:13 GMT" time="10.925" errors="0">
  <testcase name="getlinks" time="10.925" classname="Testscripts3.Getalllinks"/>
</testsuite> <!-- Testscripts3.Getalllinks -->
