<?xml version="1.0" encoding="UTF-8"?>
<!-- Generated by org.testng.reporters.JUnitReportReporter -->
<testsuite hostname="DESKTOP-G2BE6GC" name="Testscripts3.ScroltoelementandtakeSS" tests="1" failures="0" timestamp="23 Jul 2020 09:50:05 GMT" time="8.274" errors="0">
  <testcase name="scrolltoelement" time="8.274" classname="Testscripts3.ScroltoelementandtakeSS"/>
</testsuite> <!-- Testscripts3.ScroltoelementandtakeSS -->
